[35m[Appium][39m Welcome to Appium v2.9.0 (REV 49a96acaf9a5e0f1d46c7d79b91ef05748f1d5ea)
[35m[Appium][39m Non-default server args:
[35m[Appium][39m { basePath: [32m'/wd/hub'[39m, loglevel: [32m'info'[39m, port: [33m22249[39m }
[35m[Appium][39m Attempting to load driver uiautomator2...
[35m[Appium][39m Appium REST http interface listener started on http://0.0.0.0:22249/wd/hub
[35m[Appium][39m You can provide the following URLs in your client code to connect to this server:
[35m[Appium][39m 	http://169.254.98.164:22249/wd/hub
[35m[Appium][39m 	http://192.168.0.105:22249/wd/hub
[35m[Appium][39m 	http://127.0.0.1:22249/wd/hub (only accessible from the same host)
[35m[Appium][39m Available drivers:
[35m[Appium][39m   - uiautomator2@3.5.3 (automationName 'UiAutomator2')
[35m[Appium][39m No plugins have been installed. Use the "appium plugin" command to install the one(s) you want to use.
[38;5;0m[HTTP][0m [37m-->[39m [37mGET[39m [37m/wd/hub/status[39m
[38;5;0m[HTTP][0m [90m{}[39m
[38;5;0m[HTTP][0m [37m<-- GET /wd/hub/status [39m[32m200[39m [90m4 ms - 199[39m
[38;5;0m[HTTP][0m [90m[39m
[38;5;0m[HTTP][0m [37m-->[39m [37mGET[39m [37m/wd/hub/status[39m
[38;5;0m[HTTP][0m [90m{}[39m
[38;5;0m[HTTP][0m [37m<-- GET /wd/hub/status [39m[32m200[39m [90m1 ms - 199[39m
[38;5;0m[HTTP][0m [90m[39m
[38;5;0m[HTTP][0m [37m-->[39m [37mPOST[39m [37m/wd/hub/session[39m
[38;5;0m[HTTP][0m [90m{"desiredCapabilities":{"appium:systemPort":8241,"appium:udid":"emulator-5554","appium:autoGrantPermissions":true,"appium:newCommandTimeout":1800,"appium:platformName":"ANDROID","appium:appActivity":".Settings","appium:deviceName":"emulator-5554 (sdk_gphone64_x86_64 - Android 14)","platformName":"Android","appium:automationName":"uiautomator2","appium:platformVersion":"14","appium:appPackage":"com.android.settings"},"capabilities":{"firstMatch":[{"appium:appActivity":".Settings","appium:appPackage":"com.android.settings","appium:autoGrantPermissions":true,"appium:automationName":"uiautomator2","appium:deviceName":"emulator-5554 (sdk_gphone64_x86_64 - Android 14)","appium:newCommandTimeout":1800,"appium:platformName":"ANDROID","appium:platformVersion":"14","appium:systemPort":8241,"appium:udid":"emulator-5554","platformName":"android"}]}}[39m
[38;5;32m[BaseDriver][0m Ignoring capability 'appium:platformName=ANDROID' and using capability 'platformName=android'
[38;5;32m[BaseDriver][0m The capabilities ["platformName"] are standard capabilities and do not require "appium:" prefix
[35m[Appium][39m Attempting to find matching driver for automationName 'uiautomator2' and platformName 'android'
[35m[Appium][39m The 'uiautomator2' driver was installed and matched caps.
[35m[Appium][39m Will require it at C:\Users\ANNISA D YANSAF\.appium\node_modules\appium-uiautomator2-driver
[38;5;16m[AppiumDriver@4b68][0m Appium v2.9.0 creating new AndroidUiautomator2Driver (v3.5.3) session
[38;5;16m[AppiumDriver@4b68][0m Checking BaseDriver versions for Appium and AndroidUiautomator2Driver
[38;5;16m[AppiumDriver@4b68][0m Appium's BaseDriver version is 9.9.0
[38;5;16m[AppiumDriver@4b68][0m AndroidUiautomator2Driver's BaseDriver version is 9.9.0
[38;5;48m[AndroidUiautomator2Driver@1944 (62f7c7d3)][0m Session created with session id: 62f7c7d3-93ce-461e-af64-3ffe70dac23a
[38;5;64m[ADB][0m Found 1 'build-tools' folders under 'C:\Users\ANNISA D YANSAF\.katalon\tools\android_sdk' (newest first):
[38;5;64m[ADB][0m     C:\Users\ANNISA D YANSAF\.katalon\tools\android_sdk\build-tools\29.0.3
[38;5;64m[ADB][0m Using 'adb.exe' from 'C:\Users\ANNISA D YANSAF\.katalon\tools\android_sdk\platform-tools\adb.exe'
[38;5;48m[AndroidUiautomator2Driver@1944 (62f7c7d3)][0m Retrieving device list
[38;5;48m[AndroidUiautomator2Driver@1944 (62f7c7d3)][0m Using device: emulator-5554
[38;5;64m[ADB][0m Using 'adb.exe' from 'C:\Users\ANNISA D YANSAF\.katalon\tools\android_sdk\platform-tools\adb.exe'
[38;5;48m[AndroidUiautomator2Driver@1944 (62f7c7d3)][0m Starting 'com.android.settings' directly on the device
[38;5;64m[ADB][0m Getting device platform version
[38;5;48m[AndroidUiautomator2Driver@1944 (62f7c7d3)][0m Relaxing hidden api policy
[38;5;48m[AndroidUiautomator2Driver@1944 (62f7c7d3)][0m No app sent in, not parsing package/activity
[38;5;48m[AndroidUiautomator2Driver@1944 (62f7c7d3)][0m Server packages are not going to be (re)installed
[38;5;64m[ADB][0m Adding packages ["io.appium.settings","io.appium.uiautomator2.server","io.appium.uiautomator2.server.test"] to Doze whitelist
[38;5;48m[AndroidUiautomator2Driver@1944 (62f7c7d3)][0m Starting UIAutomator2 server 7.0.10
[38;5;48m[AndroidUiautomator2Driver@1944 (62f7c7d3)][0m Using UIAutomator2 server from 'C:\Users\ANNISA D YANSAF\.appium\node_modules\appium-uiautomator2-driver\node_modules\appium-uiautomator2-server\apks\appium-uiautomator2-server-v7.0.10.apk' and test from 'C:\Users\ANNISA D YANSAF\.appium\node_modules\appium-uiautomator2-driver\node_modules\appium-uiautomator2-server\apks\appium-uiautomator2-server-debug-androidTest.apk'
[38;5;48m[AndroidUiautomator2Driver@1944 (62f7c7d3)][0m Waiting up to 30000ms for UiAutomator2 to be online...
[38;5;48m[AndroidUiautomator2Driver@1944 (62f7c7d3)][0m socket hang up
[38;5;48m[AndroidUiautomator2Driver@1944 (62f7c7d3)][0m socket hang up
[38;5;48m[AndroidUiautomator2Driver@1944 (62f7c7d3)][0m socket hang up
[38;5;48m[AndroidUiautomator2Driver@1944 (62f7c7d3)][0m socket hang up
[38;5;48m[AndroidUiautomator2Driver@1944 (62f7c7d3)][0m Determined the downstream protocol as 'W3C'
[38;5;48m[AndroidUiautomator2Driver@1944 (62f7c7d3)][0m Screen already unlocked, doing nothing
[38;5;48m[AndroidUiautomator2Driver@1944 (62f7c7d3)][0m Starting 'com.android.settings/.Settings and waiting for 'com.android.settings/.Settings'
[38;5;16m[AppiumDriver@4b68][0m New AndroidUiautomator2Driver session created successfully, session 62f7c7d3-93ce-461e-af64-3ffe70dac23a added to master session list
[38;5;0m[HTTP][0m [37m<-- POST /wd/hub/session [39m[32m200[39m [90m12553 ms - 1125[39m
[38;5;0m[HTTP][0m [90m[39m
[38;5;0m[HTTP][0m [37m-->[39m [37mGET[39m [37m/wd/hub/session/62f7c7d3-93ce-461e-af64-3ffe70dac23a[39m
[38;5;0m[HTTP][0m [90m{}[39m
[38;5;0m[HTTP][0m [37m<-- GET /wd/hub/session/62f7c7d3-93ce-461e-af64-3ffe70dac23a [39m[32m200[39m [90m38 ms - 333[39m
[38;5;0m[HTTP][0m [90m[39m
[38;5;0m[HTTP][0m [37m-->[39m [37mGET[39m [37m/wd/hub/session/62f7c7d3-93ce-461e-af64-3ffe70dac23a[39m
[38;5;0m[HTTP][0m [90m{}[39m
[38;5;0m[HTTP][0m [37m<-- GET /wd/hub/session/62f7c7d3-93ce-461e-af64-3ffe70dac23a [39m[32m200[39m [90m31 ms - 333[39m
[38;5;0m[HTTP][0m [90m[39m
[38;5;0m[HTTP][0m [37m-->[39m [37mGET[39m [37m/wd/hub/status[39m
[38;5;0m[HTTP][0m [90m{}[39m
[38;5;0m[HTTP][0m [37m<-- GET /wd/hub/status [39m[32m200[39m [90m1 ms - 199[39m
[38;5;0m[HTTP][0m [90m[39m
[38;5;0m[HTTP][0m [37m-->[39m [37mPOST[39m [37m/wd/hub/session/62f7c7d3-93ce-461e-af64-3ffe70dac23a/timeouts[39m
[38;5;0m[HTTP][0m [90m{"implicit":60000}[39m
[38;5;0m[HTTP][0m [37m<-- POST /wd/hub/session/62f7c7d3-93ce-461e-af64-3ffe70dac23a/timeouts [39m[32m200[39m [90m6 ms - 14[39m
[38;5;0m[HTTP][0m [90m[39m
[38;5;0m[HTTP][0m [37m-->[39m [37mGET[39m [37m/wd/hub/session/62f7c7d3-93ce-461e-af64-3ffe70dac23a/appium/device/system_bars[39m
[38;5;0m[HTTP][0m [90m{}[39m
[38;5;0m[HTTP][0m [37m<-- GET /wd/hub/session/62f7c7d3-93ce-461e-af64-3ffe70dac23a/appium/device/system_bars [39m[32m200[39m [90m480 ms - 152[39m
[38;5;0m[HTTP][0m [90m[39m
[38;5;0m[HTTP][0m [37m-->[39m [37mPOST[39m [37m/wd/hub/session/62f7c7d3-93ce-461e-af64-3ffe70dac23a/appium/device/activate_app[39m
[38;5;0m[HTTP][0m [90m{"bundleId":"com.solodroid.solomerce"}[39m
[38;5;0m[HTTP][0m [37m<-- POST /wd/hub/session/62f7c7d3-93ce-461e-af64-3ffe70dac23a/appium/device/activate_app [39m[32m200[39m [90m269 ms - 14[39m
[38;5;0m[HTTP][0m [90m[39m
[38;5;0m[HTTP][0m [37m-->[39m [37mGET[39m [37m/wd/hub/session/62f7c7d3-93ce-461e-af64-3ffe70dac23a/source[39m
[38;5;0m[HTTP][0m [90m{}[39m
[38;5;48m[AndroidUiautomator2Driver@1944 (62f7c7d3)][0m Driver proxy active, passing request on via HTTP proxy
[38;5;48m[AndroidUiautomator2Driver@1944 (62f7c7d3)][0m Replacing sessionId d9a43d6e-b908-4e01-bc8c-5828ec94cf38 with 62f7c7d3-93ce-461e-af64-3ffe70dac23a
[38;5;0m[HTTP][0m [37m<-- GET /wd/hub/session/62f7c7d3-93ce-461e-af64-3ffe70dac23a/source [39m[32m200[39m [90m1372 ms - 18310[39m
[38;5;0m[HTTP][0m [90m[39m
[38;5;0m[HTTP][0m [37m-->[39m [37mGET[39m [37m/wd/hub/session/62f7c7d3-93ce-461e-af64-3ffe70dac23a/screenshot[39m
[38;5;0m[HTTP][0m [90m{}[39m
[38;5;0m[HTTP][0m [37m<-- GET /wd/hub/session/62f7c7d3-93ce-461e-af64-3ffe70dac23a/screenshot [39m[32m200[39m [90m850 ms - 83608[39m
[38;5;0m[HTTP][0m [90m[39m
[38;5;0m[HTTP][0m [37m-->[39m [37mPOST[39m [37m/wd/hub/session/62f7c7d3-93ce-461e-af64-3ffe70dac23a/elements[39m
[38;5;0m[HTTP][0m [90m{"using":"xpath","value":"//*[@class = 'android.widget.ImageButton' and (@text = '' or . = '')]"}[39m
[38;5;0m[HTTP][0m [37m<-- POST /wd/hub/session/62f7c7d3-93ce-461e-af64-3ffe70dac23a/elements [39m[32m200[39m [90m656 ms - 139[39m
[38;5;0m[HTTP][0m [90m[39m
[38;5;0m[HTTP][0m [37m-->[39m [37mPOST[39m [37m/wd/hub/session/62f7c7d3-93ce-461e-af64-3ffe70dac23a/timeouts[39m
[38;5;0m[HTTP][0m [90m{"implicit":1000}[39m
[38;5;0m[HTTP][0m [37m<-- POST /wd/hub/session/62f7c7d3-93ce-461e-af64-3ffe70dac23a/timeouts [39m[32m200[39m [90m3 ms - 14[39m
[38;5;0m[HTTP][0m [90m[39m
[38;5;0m[HTTP][0m [37m-->[39m [37mPOST[39m [37m/wd/hub/session/62f7c7d3-93ce-461e-af64-3ffe70dac23a/elements[39m
[38;5;0m[HTTP][0m [90m{"using":"accessibility id","value":"Navigate up"}[39m
[38;5;0m[HTTP][0m [37m<-- POST /wd/hub/session/62f7c7d3-93ce-461e-af64-3ffe70dac23a/elements [39m[32m200[39m [90m26 ms - 139[39m
[38;5;0m[HTTP][0m [90m[39m
[38;5;0m[HTTP][0m [37m-->[39m [37mGET[39m [37m/wd/hub/session[38;5;48m[AndroidUiautomator2Driver@829a (474958be)][0m Shutting down because we waited 1800 seconds for a command
[38;5;16m[AppiumDriver@e96f][0m Ending session, cause was 'New Command Timeout of 1800 seconds expired. Try customizing the timeout using the 'newCommandTimeout' desired capability'
[38;5;16m[AppiumDriver@e96f][0m Removing session '474958be-0a7f-4283-b14c-235eb03e36eb' from our master session list
[38;5;48m[AndroidUiautomator2Driver@829a (474958be)][0m Did not get confirmation UiAutomator2 deleteSession worked; Error was: UnknownError: An unknown server-side error occurred while processing the command. Original error: 'DELETE /' cannot be proxied to UiAutomator2 server because the instrumentation process is not running (probably crashed). Check the server log and/or the logcat output for more details
[38;5;48m[AndroidUiautomator2Driver@829a (474958be)][0m Unable to remove system port forward: Error executing adbExec. Original error: 'Command ''C:\\Users\\ANNISA D YANSAF\\.katalon\\tools\\android_sdk\\platform-tools\\adb.exe' -P 5037 -s emulator-5554 forward --remove tcp\:8266' exited with code 1'; Command output: adb.exe: error: listener 'tcp:8266' not found
[38;5;48m[AndroidUiautomator2Driver@829a (474958be)][0m 
[38;5;48m[AndroidUiautomato[38;5;48m[AndroidUiautomator2Driver@1944 (62f7c7d3)][0m Shutting down because we waited 1800 seconds for a command
[38;5;16m[AppiumDriver@4b68][0m Ending session, cause was 'New Command Timeout of 1800 seconds expired. Try customizing the timeout using the 'newCommandTimeout' desired capability'
[38;5;16m[AppiumDriver@4b68][0m Removing session '62f7c7d3-93ce-461e-af64-3ffe70dac23a' from our master session list
[38;5;48m[AndroidUiautomator2Driver@1944 (62f7c7d3)][0m Did not get confirmation UiAutomator2 deleteSession worked; Error was: UnknownError: An unknown server-side error occurred while processing the command. Original error: 'DELETE /' cannot be proxied to UiAutomator2 server because the instrumentation process is not running (probably crashed). Check the server log and/or the logcat output for more details
[38;5;48m[AndroidUiautomator2Driver@1944 (62f7c7d3)][0m Restoring hidden api policy to the device default configuration
